[debug] [2024-02-11T20:19:53.074Z] ----------------------------------------------------------------------
[debug] [2024-02-11T20:19:53.081Z] Command:       /opt/homebrew/Cellar/node/21.5.0/bin/node /opt/homebrew/bin/firebase init
[debug] [2024-02-11T20:19:53.081Z] CLI Version:   13.2.1
[debug] [2024-02-11T20:19:53.081Z] Platform:      darwin
[debug] [2024-02-11T20:19:53.081Z] Node Version:  v21.5.0
[debug] [2024-02-11T20:19:53.082Z] Time:          Sun Feb 11 2024 22:19:53 GMT+0200 (Eastern European Standard Time)
[debug] [2024-02-11T20:19:53.082Z] ----------------------------------------------------------------------
[debug] 
[debug] [2024-02-11T20:19:53.088Z] > command requires scopes: ["email","openid","https://www.googleapis.com/auth/cloudplatformprojects.readonly","https://www.googleapis.com/auth/firebase","https://www.googleapis.com/auth/cloud-platform"]
[debug] [2024-02-11T20:19:53.088Z] > authorizing via signed-in user (sergey.parubets@gmail.com)
[info] 
     ######## #### ########  ######## ########     ###     ######  ########
     ##        ##  ##     ## ##       ##     ##  ##   ##  ##       ##
     ######    ##  ########  ######   ########  #########  ######  ######
     ##        ##  ##    ##  ##       ##     ## ##     ##       ## ##
     ##       #### ##     ## ######## ########  ##     ##  ######  ########

You're about to initialize a Firebase project in this directory:

  /Users/sergej/Documents/!ПРОЕКТЫ/GAS - Logisticanyway/FireBase

[info] 
=== Project Setup
[info] 
[info] First, let's associate this project directory with a Firebase project.
[info] You can create multiple project aliases by running firebase use --add, 
[info] but for now we'll just set up a default project.
[info] 
[debug] [2024-02-11T20:20:25.460Z] >>> [apiv2][query] GET https://firebase.googleapis.com/v1beta1/projects pageSize=100
[debug] [2024-02-11T20:20:26.051Z] <<< [apiv2][status] GET https://firebase.googleapis.com/v1beta1/projects 200
[debug] [2024-02-11T20:20:26.051Z] <<< [apiv2][body] GET https://firebase.googleapis.com/v1beta1/projects [omitted]
[info] i  Using project miro-3ee4a (Miro) 
[info] 
=== Hosting Setup
[debug] [2024-02-11T20:20:27.750Z] >>> [apiv2][query] GET https://firebase.googleapis.com/v1beta1/projects/miro-3ee4a [none]
[debug] [2024-02-11T20:20:28.036Z] <<< [apiv2][status] GET https://firebase.googleapis.com/v1beta1/projects/miro-3ee4a 200
[debug] [2024-02-11T20:20:28.036Z] <<< [apiv2][body] GET https://firebase.googleapis.com/v1beta1/projects/miro-3ee4a {"projectId":"miro-3ee4a","projectNumber":"12831302195","displayName":"Miro","name":"projects/miro-3ee4a","resources":{"hostingSite":"miro-3ee4a","realtimeDatabaseInstance":"miro-3ee4a-default-rtdb"},"state":"ACTIVE","etag":"1_b3086123-a61d-4a67-a9ce-a5012ada7f72"}
[info] 
[info] Your public directory is the folder (relative to your project directory) that
[info] will contain Hosting assets to be uploaded with firebase deploy. If you
[info] have a build process for your assets, use your build's output directory.
[info] 
[debug] [2024-02-11T20:21:36.999Z] >>> [apiv2][query] GET https://www.gstatic.com/firebasejs/releases.json [none]
[debug] [2024-02-11T20:21:37.124Z] <<< [apiv2][status] GET https://www.gstatic.com/firebasejs/releases.json 200
[debug] [2024-02-11T20:21:37.124Z] <<< [apiv2][body] GET https://www.gstatic.com/firebasejs/releases.json {"current":{"version":"10.8.0","browserURL":"https://www.gstatic.com/firebasejs/10.8.0/firebase.js","packageURL":"https://www.gstatic.com/firebasejs/10.8.0/firebase.tgz"},"live":{"version":"10.8","browserURL":"https://www.gstatic.com/firebasejs/live/10.8/firebase.js","packageURL":"https://www.gstatic.com/firebasejs/live/10.8/firebase.tgz"},"components":{"analytics":"https://www.gstatic.com/firebasejs/10.8.0/firebase-analytics.js","app":"https://www.gstatic.com/firebasejs/10.8.0/firebase-app.js","app-check":"https://www.gstatic.com/firebasejs/10.8.0/firebase-app-check.js","auth":"https://www.gstatic.com/firebasejs/10.8.0/firebase-auth.js","auth/cordova":"https://www.gstatic.com/firebasejs/10.8.0/firebase-auth/cordova.js","auth/web-extension":"https://www.gstatic.com/firebasejs/10.8.0/firebase-auth/web-extension.js","functions":"https://www.gstatic.com/firebasejs/10.8.0/firebase-functions.js","firestore":"https://www.gstatic.com/firebasejs/10.8.0/firebase-firestore.js","firestore/lite":"https://www.gstatic.com/firebasejs/10.8.0/firebase-firestore/lite.js","installations":"https://www.gstatic.com/firebasejs/10.8.0/firebase-installations.js","storage":"https://www.gstatic.com/firebasejs/10.8.0/firebase-storage.js","performance":"https://www.gstatic.com/firebasejs/10.8.0/firebase-performance.js","remote-config":"https://www.gstatic.com/firebasejs/10.8.0/firebase-remote-config.js","messaging":"https://www.gstatic.com/firebasejs/10.8.0/firebase-messaging.js","messaging/sw":"https://www.gstatic.com/firebasejs/10.8.0/firebase-messaging/sw.js","database":"https://www.gstatic.com/firebasejs/10.8.0/firebase-database.js","firestore.memory":"https://www.gstatic.com/firebasejs/10.8.0/firebase-firestore.memory.js"}}
[info] ✔  Wrote public/index.html 
[info] 
[info] i  Didn't detect a .git folder. Assuming /Users/sergej/Documents/!ПРОЕКТЫ/GAS - Logisticanyway/FireBase is the project root. 
[info] i  Authorizing with GitHub to upload your service account to a GitHub repository's secrets store. 
[info] 
[info] Visit this URL on this device to log in:
[info] https://github.com/login/oauth/authorize?client_id=89cf50f02ac6aaed3484&state=715991901&redirect_uri=http%3A%2F%2Flocalhost%3A9005&scope=read%3Auser%20repo%20public_repo
[info] 
[info] Waiting for authentication...
[debug] [2024-02-11T20:21:49.775Z] >>> [apiv2][query] POST https://github.com/login/oauth/access_token [none]
[debug] [2024-02-11T20:21:49.775Z] >>> [apiv2][body] POST https://github.com/login/oauth/access_token [stream]
[debug] [2024-02-11T20:21:50.081Z] <<< [apiv2][status] POST https://github.com/login/oauth/access_token 200
[debug] [2024-02-11T20:21:50.081Z] <<< [apiv2][body] POST https://github.com/login/oauth/access_token {"access_token":"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","token_type":"bearer","scope":"read:user,repo"}
[debug] [2024-02-11T20:21:50.093Z] >>> [apiv2][query] GET https://api.github.com/user [none]
[debug] [2024-02-11T20:21:50.506Z] <<< [apiv2][status] GET https://api.github.com/user 200
[debug] [2024-02-11T20:21:50.507Z] <<< [apiv2][body] GET https://api.github.com/user {"login":"freedomdp","id":26746058,"node_id":"MDQ6VXNlcjI2NzQ2MDU4","avatar_url":"https://avatars.githubusercontent.com/u/26746058?v=4","gravatar_id":"","url":"https://api.github.com/users/freedomdp","html_url":"https://github.com/freedomdp","followers_url":"https://api.github.com/users/freedomdp/followers","following_url":"https://api.github.com/users/freedomdp/following{/other_user}","gists_url":"https://api.github.com/users/freedomdp/gists{/gist_id}","starred_url":"https://api.github.com/users/freedomdp/starred{/owner}{/repo}","subscriptions_url":"https://api.github.com/users/freedomdp/subscriptions","organizations_url":"https://api.github.com/users/freedomdp/orgs","repos_url":"https://api.github.com/users/freedomdp/repos","events_url":"https://api.github.com/users/freedomdp/events{/privacy}","received_events_url":"https://api.github.com/users/freedomdp/received_events","type":"User","site_admin":false,"name":"Sergey Parubets","company":"CrossFace","blog":"","location":"Dnepropetrovsk, Ukraine","email":"sergey.parubets@gmail.com","hireable":null,"bio":null,"twitter_username":null,"public_repos":9,"public_gists":1,"followers":0,"following":3,"created_at":"2017-03-28T16:17:55Z","updated_at":"2024-02-11T20:21:44Z","private_gists":0,"total_private_repos":1,"owned_private_repos":1,"disk_usage":492,"collaborators":0,"two_factor_authentication":false,"plan":{"name":"free","space":976562499,"collaborators":0,"private_repos":10000}}
[info] 
[info] ✔  Success! Logged into GitHub as freedomdp 
[info] 
